<?xml version="1.0" encoding="UTF-8"?>
<coverage generated="1777402126745" clover="3.2.0">
  <project timestamp="1777402126745" name="All files">
    <metrics statements="55" coveredstatements="51" conditionals="34" coveredconditionals="28" methods="22" coveredmethods="20" elements="111" coveredelements="99" complexity="0" loc="55" ncloc="55" packages="1" files="6" classes="6"/>
    <file name="EmptyState.tsx" path="/Users/Kristof_Havasi/ws/todo/frontend/src/components/EmptyState.tsx">
      <metrics statements="1" coveredstatements="1" conditionals="0" coveredconditionals="0" methods="1" coveredmethods="1"/>
      <line num="8" count="3" type="stmt"/>
    </file>
    <file name="ErrorState.tsx" path="/Users/Kristof_Havasi/ws/todo/frontend/src/components/ErrorState.tsx">
      <metrics statements="1" coveredstatements="1" conditionals="0" coveredconditionals="0" methods="1" coveredmethods="1"/>
      <line num="6" count="3" type="stmt"/>
    </file>
    <file name="TaskInput.tsx" path="/Users/Kristof_Havasi/ws/todo/frontend/src/components/TaskInput.tsx">
      <metrics statements="8" coveredstatements="8" conditionals="5" coveredconditionals="5" methods="3" coveredmethods="3"/>
      <line num="9" count="44" type="stmt"/>
      <line num="12" count="37" type="cond" truecount="2" falsecount="0"/>
      <line num="13" count="5" type="stmt"/>
      <line num="14" count="5" type="cond" truecount="2" falsecount="0"/>
      <line num="15" count="3" type="stmt"/>
      <line num="16" count="3" type="stmt"/>
      <line num="19" count="44" type="stmt"/>
      <line num="23" count="32" type="stmt"/>
    </file>
    <file name="TaskItem.tsx" path="/Users/Kristof_Havasi/ws/todo/frontend/src/components/TaskItem.tsx">
      <metrics statements="39" coveredstatements="35" conditionals="29" coveredconditionals="23" methods="12" coveredmethods="10"/>
      <line num="12" count="38" type="stmt"/>
      <line num="13" count="38" type="stmt"/>
      <line num="14" count="38" type="stmt"/>
      <line num="15" count="38" type="stmt"/>
      <line num="16" count="38" type="stmt"/>
      <line num="17" count="38" type="stmt"/>
      <line num="19" count="38" type="stmt"/>
      <line num="20" count="17" type="cond" truecount="2" falsecount="0"/>
      <line num="21" count="3" type="stmt"/>
      <line num="25" count="38" type="stmt"/>
      <line num="26" count="17" type="cond" truecount="4" falsecount="0"/>
      <line num="27" count="2" type="stmt"/>
      <line num="28" count="2" type="stmt"/>
      <line num="33" count="3" type="stmt"/>
      <line num="34" count="3" type="stmt"/>
      <line num="35" count="3" type="stmt"/>
      <line num="39" count="1" type="cond" truecount="1" falsecount="1"/>
      <line num="40" count="1" type="stmt"/>
      <line num="41" count="1" type="cond" truecount="3" falsecount="1"/>
      <line num="42" count="1" type="stmt"/>
      <line num="44" count="1" type="stmt"/>
      <line num="45" count="1" type="stmt"/>
      <line num="46" count="1" type="stmt"/>
      <line num="50" count="1" type="stmt"/>
      <line num="51" count="1" type="stmt"/>
      <line num="52" count="1" type="stmt"/>
      <line num="53" count="1" type="stmt"/>
      <line num="57" count="21" type="cond" truecount="2" falsecount="0"/>
      <line num="58" count="1" type="stmt"/>
      <line num="59" count="20" type="cond" truecount="2" falsecount="0"/>
      <line num="60" count="1" type="stmt"/>
      <line num="65" count="0" type="cond" truecount="0" falsecount="4"/>
      <line num="66" count="0" type="stmt"/>
      <line num="67" count="0" type="stmt"/>
      <line num="71" count="38" type="stmt"/>
      <line num="80" count="1" type="stmt"/>
      <line num="89" count="21" type="stmt"/>
      <line num="91" count="0" type="stmt"/>
      <line num="111" count="1" type="stmt"/>
    </file>
    <file name="TaskList.tsx" path="/Users/Kristof_Havasi/ws/todo/frontend/src/components/TaskList.tsx">
      <metrics statements="2" coveredstatements="2" conditionals="0" coveredconditionals="0" methods="2" coveredmethods="2"/>
      <line num="12" count="3" type="stmt"/>
      <line num="15" count="4" type="stmt"/>
    </file>
    <file name="UndoToast.tsx" path="/Users/Kristof_Havasi/ws/todo/frontend/src/components/UndoToast.tsx">
      <metrics statements="4" coveredstatements="4" conditionals="0" coveredconditionals="0" methods="3" coveredmethods="3"/>
      <line num="9" count="4" type="stmt"/>
      <line num="10" count="4" type="stmt"/>
      <line num="11" count="4" type="stmt"/>
      <line num="14" count="4" type="stmt"/>
    </file>
  </project>
</coverage>
