{"/Users/Kristof_Havasi/ws/todo/frontend/src/components/EmptyState.tsx": {"path":"/Users/Kristof_Havasi/ws/todo/frontend/src/components/EmptyState.tsx","statementMap":{"0":{"start":{"line":8,"column":2},"end":{"line":16,"column":null}}},"fnMap":{"0":{"name":"EmptyState","decl":{"start":{"line":7,"column":24},"end":{"line":7,"column":35}},"loc":{"start":{"line":7,"column":70},"end":{"line":16,"column":null}},"line":7}},"branchMap":{},"s":{"0":3},"f":{"0":3},"b":{},"meta":{"lastBranch":0,"lastFunction":1,"lastStatement":1,"seen":{"f:7:24:7:35":0,"s:8:2:16:Infinity":0}}}
,"/Users/Kristof_Havasi/ws/todo/frontend/src/components/ErrorState.tsx": {"path":"/Users/Kristof_Havasi/ws/todo/frontend/src/components/ErrorState.tsx","statementMap":{"0":{"start":{"line":6,"column":2},"end":{"line":23,"column":null}}},"fnMap":{"0":{"name":"ErrorState","decl":{"start":{"line":5,"column":24},"end":{"line":5,"column":35}},"loc":{"start":{"line":5,"column":65},"end":{"line":23,"column":null}},"line":5}},"branchMap":{},"s":{"0":3},"f":{"0":3},"b":{},"meta":{"lastBranch":0,"lastFunction":1,"lastStatement":1,"seen":{"f:5:24:5:35":0,"s:6:2:23:Infinity":0}}}
,"/Users/Kristof_Havasi/ws/todo/frontend/src/components/TaskInput.tsx": {"path":"/Users/Kristof_Havasi/ws/todo/frontend/src/components/TaskInput.tsx","statementMap":{"0":{"start":{"line":9,"column":16},"end":{"line":9,"column":40}},"1":{"start":{"line":12,"column":4},"end":{"line":12,"column":null}},"2":{"start":{"line":12,"column":27},"end":{"line":12,"column":null}},"3":{"start":{"line":13,"column":20},"end":{"line":13,"column":32}},"4":{"start":{"line":14,"column":4},"end":{"line":14,"column":null}},"5":{"start":{"line":14,"column":18},"end":{"line":14,"column":null}},"6":{"start":{"line":15,"column":4},"end":{"line":15,"column":null}},"7":{"start":{"line":16,"column":4},"end":{"line":16,"column":null}},"8":{"start":{"line":19,"column":2},"end":{"line":29,"column":null}},"9":{"start":{"line":23,"column":23},"end":{"line":23,"column":47}}},"fnMap":{"0":{"name":"TaskInput","decl":{"start":{"line":8,"column":24},"end":{"line":8,"column":34}},"loc":{"start":{"line":8,"column":83},"end":{"line":29,"column":null}},"line":8},"1":{"name":"handleKeyDown","decl":{"start":{"line":11,"column":11},"end":{"line":11,"column":25}},"loc":{"start":{"line":11,"column":73},"end":{"line":16,"column":null}},"line":11},"2":{"name":"(anonymous_2)","decl":{"start":{"line":23,"column":6},"end":{"line":23,"column":17}},"loc":{"start":{"line":23,"column":23},"end":{"line":23,"column":47}},"line":23}},"branchMap":{"0":{"loc":{"start":{"line":8,"column":46},"end":{"line":8,"column":83}},"type":"default-arg","locations":[{"start":{"line":8,"column":58},"end":{"line":8,"column":83}}],"line":8},"1":{"loc":{"start":{"line":12,"column":4},"end":{"line":12,"column":null}},"type":"if","locations":[{"start":{"line":12,"column":4},"end":{"line":12,"column":null}},{"start":{},"end":{}}],"line":12},"2":{"loc":{"start":{"line":14,"column":4},"end":{"line":14,"column":null}},"type":"if","locations":[{"start":{"line":14,"column":4},"end":{"line":14,"column":null}},{"start":{},"end":{}}],"line":14}},"s":{"0":44,"1":37,"2":32,"3":5,"4":5,"5":2,"6":3,"7":3,"8":44,"9":32},"f":{"0":44,"1":37,"2":32},"b":{"0":[44],"1":[32,5],"2":[2,3]},"meta":{"lastBranch":3,"lastFunction":3,"lastStatement":10,"seen":{"f:8:24:8:34":0,"b:8:58:8:83":0,"s:9:16:9:40":0,"f:11:11:11:25":1,"b:12:4:12:Infinity:undefined:undefined:undefined:undefined":1,"s:12:4:12:Infinity":1,"s:12:27:12:Infinity":2,"s:13:20:13:32":3,"b:14:4:14:Infinity:undefined:undefined:undefined:undefined":2,"s:14:4:14:Infinity":4,"s:14:18:14:Infinity":5,"s:15:4:15:Infinity":6,"s:16:4:16:Infinity":7,"s:19:2:29:Infinity":8,"f:23:6:23:17":2,"s:23:23:23:47":9}}}
,"/Users/Kristof_Havasi/ws/todo/frontend/src/components/TaskItem.tsx": {"path":"/Users/Kristof_Havasi/ws/todo/frontend/src/components/TaskItem.tsx","statementMap":{"0":{"start":{"line":12,"column":20},"end":{"line":12,"column":51}},"1":{"start":{"line":13,"column":20},"end":{"line":13,"column":55}},"2":{"start":{"line":14,"column":8},"end":{"line":14,"column":49}},"3":{"start":{"line":15,"column":8},"end":{"line":15,"column":47}},"4":{"start":{"line":16,"column":8},"end":{"line":16,"column":35}},"5":{"start":{"line":17,"column":8},"end":{"line":17,"column":38}},"6":{"start":{"line":19,"column":2},"end":{"line":23,"column":null}},"7":{"start":{"line":20,"column":4},"end":{"line":21,"column":null}},"8":{"start":{"line":21,"column":6},"end":{"line":21,"column":null}},"9":{"start":{"line":25,"column":2},"end":{"line":30,"column":null}},"10":{"start":{"line":26,"column":4},"end":{"line":28,"column":null}},"11":{"start":{"line":27,"column":6},"end":{"line":27,"column":null}},"12":{"start":{"line":28,"column":6},"end":{"line":28,"column":null}},"13":{"start":{"line":33,"column":4},"end":{"line":33,"column":null}},"14":{"start":{"line":34,"column":4},"end":{"line":34,"column":null}},"15":{"start":{"line":35,"column":4},"end":{"line":35,"column":null}},"16":{"start":{"line":39,"column":4},"end":{"line":39,"column":null}},"17":{"start":{"line":39,"column":29},"end":{"line":39,"column":null}},"18":{"start":{"line":40,"column":20},"end":{"line":40,"column":36}},"19":{"start":{"line":41,"column":4},"end":{"line":42,"column":null}},"20":{"start":{"line":42,"column":6},"end":{"line":42,"column":null}},"21":{"start":{"line":44,"column":4},"end":{"line":44,"column":null}},"22":{"start":{"line":45,"column":4},"end":{"line":45,"column":null}},"23":{"start":{"line":46,"column":4},"end":{"line":46,"column":null}},"24":{"start":{"line":50,"column":4},"end":{"line":50,"column":null}},"25":{"start":{"line":51,"column":4},"end":{"line":51,"column":null}},"26":{"start":{"line":52,"column":4},"end":{"line":52,"column":null}},"27":{"start":{"line":53,"column":4},"end":{"line":53,"column":null}},"28":{"start":{"line":57,"column":4},"end":{"line":60,"column":null}},"29":{"start":{"line":58,"column":6},"end":{"line":58,"column":null}},"30":{"start":{"line":59,"column":15},"end":{"line":60,"column":null}},"31":{"start":{"line":60,"column":6},"end":{"line":60,"column":null}},"32":{"start":{"line":65,"column":4},"end":{"line":67,"column":null}},"33":{"start":{"line":66,"column":6},"end":{"line":66,"column":null}},"34":{"start":{"line":67,"column":6},"end":{"line":67,"column":null}},"35":{"start":{"line":71,"column":2},"end":{"line":116,"column":null}},"36":{"start":{"line":80,"column":24},"end":{"line":80,"column":58}},"37":{"start":{"line":89,"column":27},"end":{"line":89,"column":55}},"38":{"start":{"line":91,"column":24},"end":{"line":91,"column":39}},"39":{"start":{"line":111,"column":23},"end":{"line":111,"column":40}}},"fnMap":{"0":{"name":"TaskItem","decl":{"start":{"line":11,"column":24},"end":{"line":11,"column":33}},"loc":{"start":{"line":11,"column":86},"end":{"line":116,"column":null}},"line":11},"1":{"name":"(anonymous_1)","decl":{"start":{"line":19,"column":2},"end":{"line":19,"column":18}},"loc":{"start":{"line":19,"column":18},"end":{"line":23,"column":6}},"line":19},"2":{"name":"(anonymous_2)","decl":{"start":{"line":25,"column":2},"end":{"line":25,"column":18}},"loc":{"start":{"line":25,"column":18},"end":{"line":30,"column":6}},"line":25},"3":{"name":"startEditing","decl":{"start":{"line":32,"column":11},"end":{"line":32,"column":32}},"loc":{"start":{"line":32,"column":32},"end":{"line":35,"column":null}},"line":32},"4":{"name":"saveEdit","decl":{"start":{"line":38,"column":11},"end":{"line":38,"column":20}},"loc":{"start":{"line":38,"column":53},"end":{"line":46,"column":null}},"line":38},"5":{"name":"cancelEdit","decl":{"start":{"line":49,"column":11},"end":{"line":49,"column":30}},"loc":{"start":{"line":49,"column":30},"end":{"line":53,"column":null}},"line":49},"6":{"name":"handleEditKeyDown","decl":{"start":{"line":56,"column":11},"end":{"line":56,"column":29}},"loc":{"start":{"line":56,"column":77},"end":{"line":60,"column":null}},"line":56},"7":{"name":"handleTextKeyDown","decl":{"start":{"line":64,"column":11},"end":{"line":64,"column":29}},"loc":{"start":{"line":64,"column":76},"end":{"line":67,"column":null}},"line":64},"8":{"name":"(anonymous_8)","decl":{"start":{"line":80,"column":8},"end":{"line":80,"column":24}},"loc":{"start":{"line":80,"column":24},"end":{"line":80,"column":58}},"line":80},"9":{"name":"(anonymous_9)","decl":{"start":{"line":89,"column":10},"end":{"line":89,"column":21}},"loc":{"start":{"line":89,"column":27},"end":{"line":89,"column":55}},"line":89},"10":{"name":"(anonymous_10)","decl":{"start":{"line":91,"column":10},"end":{"line":91,"column":24}},"loc":{"start":{"line":91,"column":24},"end":{"line":91,"column":39}},"line":91},"11":{"name":"(anonymous_11)","decl":{"start":{"line":111,"column":8},"end":{"line":111,"column":23}},"loc":{"start":{"line":111,"column":23},"end":{"line":111,"column":40}},"line":111}},"branchMap":{"0":{"loc":{"start":{"line":20,"column":4},"end":{"line":21,"column":null}},"type":"if","locations":[{"start":{"line":20,"column":4},"end":{"line":21,"column":null}},{"start":{},"end":{}}],"line":20},"1":{"loc":{"start":{"line":26,"column":4},"end":{"line":28,"column":null}},"type":"if","locations":[{"start":{"line":26,"column":4},"end":{"line":28,"column":null}},{"start":{},"end":{}}],"line":26},"2":{"loc":{"start":{"line":26,"column":8},"end":{"line":26,"column":46}},"type":"binary-expr","locations":[{"start":{"line":26,"column":8},"end":{"line":26,"column":22}},{"start":{"line":26,"column":22},"end":{"line":26,"column":46}}],"line":26},"3":{"loc":{"start":{"line":38,"column":20},"end":{"line":38,"column":53}},"type":"default-arg","locations":[{"start":{"line":38,"column":40},"end":{"line":38,"column":53}}],"line":38},"4":{"loc":{"start":{"line":39,"column":4},"end":{"line":39,"column":null}},"type":"if","locations":[{"start":{"line":39,"column":4},"end":{"line":39,"column":null}},{"start":{},"end":{}}],"line":39},"5":{"loc":{"start":{"line":41,"column":4},"end":{"line":42,"column":null}},"type":"if","locations":[{"start":{"line":41,"column":4},"end":{"line":42,"column":null}},{"start":{},"end":{}}],"line":41},"6":{"loc":{"start":{"line":41,"column":8},"end":{"line":41,"column":42}},"type":"binary-expr","locations":[{"start":{"line":41,"column":8},"end":{"line":41,"column":19}},{"start":{"line":41,"column":19},"end":{"line":41,"column":42}}],"line":41},"7":{"loc":{"start":{"line":57,"column":4},"end":{"line":60,"column":null}},"type":"if","locations":[{"start":{"line":57,"column":4},"end":{"line":60,"column":null}},{"start":{"line":59,"column":15},"end":{"line":60,"column":null}}],"line":57},"8":{"loc":{"start":{"line":59,"column":15},"end":{"line":60,"column":null}},"type":"if","locations":[{"start":{"line":59,"column":15},"end":{"line":60,"column":null}},{"start":{},"end":{}}],"line":59},"9":{"loc":{"start":{"line":65,"column":4},"end":{"line":67,"column":null}},"type":"if","locations":[{"start":{"line":65,"column":4},"end":{"line":67,"column":null}},{"start":{},"end":{}}],"line":65},"10":{"loc":{"start":{"line":65,"column":8},"end":{"line":65,"column":44}},"type":"binary-expr","locations":[{"start":{"line":65,"column":8},"end":{"line":65,"column":29}},{"start":{"line":65,"column":29},"end":{"line":65,"column":44}}],"line":65},"11":{"loc":{"start":{"line":74,"column":8},"end":{"line":74,"column":null}},"type":"cond-expr","locations":[{"start":{"line":74,"column":25},"end":{"line":74,"column":40}},{"start":{"line":74,"column":40},"end":{"line":74,"column":null}}],"line":74},"12":{"loc":{"start":{"line":81,"column":46},"end":{"line":81,"column":null}},"type":"cond-expr","locations":[{"start":{"line":81,"column":63},"end":{"line":81,"column":78}},{"start":{"line":81,"column":78},"end":{"line":81,"column":null}}],"line":81},"13":{"loc":{"start":{"line":84,"column":7},"end":{"line":108,"column":null}},"type":"cond-expr","locations":[{"start":{"line":85,"column":8},"end":{"line":96,"column":9}},{"start":{"line":96,"column":8},"end":{"line":108,"column":null}}],"line":84},"14":{"loc":{"start":{"line":104,"column":12},"end":{"line":104,"column":null}},"type":"cond-expr","locations":[{"start":{"line":104,"column":29},"end":{"line":104,"column":53}},{"start":{"line":104,"column":53},"end":{"line":104,"column":null}}],"line":104}},"s":{"0":38,"1":38,"2":38,"3":38,"4":38,"5":38,"6":38,"7":17,"8":3,"9":38,"10":17,"11":2,"12":2,"13":3,"14":3,"15":3,"16":1,"17":0,"18":1,"19":1,"20":1,"21":1,"22":1,"23":1,"24":1,"25":1,"26":1,"27":1,"28":21,"29":1,"30":20,"31":1,"32":0,"33":0,"34":0,"35":38,"36":1,"37":21,"38":0,"39":1},"f":{"0":38,"1":17,"2":17,"3":3,"4":1,"5":1,"6":21,"7":0,"8":1,"9":21,"10":0,"11":1},"b":{"0":[3,14],"1":[2,15],"2":[17,14],"3":[1],"4":[0,1],"5":[1,0],"6":[1,1],"7":[1,20],"8":[1,19],"9":[0,0],"10":[0,0],"11":[3,35],"12":[3,35],"13":[24,14],"14":[3,11]},"meta":{"lastBranch":15,"lastFunction":12,"lastStatement":40,"seen":{"f:11:24:11:33":0,"s:12:20:12:51":0,"s:13:20:13:55":1,"s:14:8:14:49":2,"s:15:8:15:47":3,"s:16:8:16:35":4,"s:17:8:17:38":5,"s:19:2:23:Infinity":6,"f:19:2:19:18":1,"b:20:4:21:Infinity:undefined:undefined:undefined:undefined":0,"s:20:4:21:Infinity":7,"s:21:6:21:Infinity":8,"s:25:2:30:Infinity":9,"f:25:2:25:18":2,"b:26:4:28:Infinity:undefined:undefined:undefined:undefined":1,"s:26:4:28:Infinity":10,"b:26:8:26:22:26:22:26:46":2,"s:27:6:27:Infinity":11,"s:28:6:28:Infinity":12,"f:32:11:32:32":3,"s:33:4:33:Infinity":13,"s:34:4:34:Infinity":14,"s:35:4:35:Infinity":15,"f:38:11:38:20":4,"b:38:40:38:53":3,"b:39:4:39:Infinity:undefined:undefined:undefined:undefined":4,"s:39:4:39:Infinity":16,"s:39:29:39:Infinity":17,"s:40:20:40:36":18,"b:41:4:42:Infinity:undefined:undefined:undefined:undefined":5,"s:41:4:42:Infinity":19,"b:41:8:41:19:41:19:41:42":6,"s:42:6:42:Infinity":20,"s:44:4:44:Infinity":21,"s:45:4:45:Infinity":22,"s:46:4:46:Infinity":23,"f:49:11:49:30":5,"s:50:4:50:Infinity":24,"s:51:4:51:Infinity":25,"s:52:4:52:Infinity":26,"s:53:4:53:Infinity":27,"f:56:11:56:29":6,"b:57:4:60:Infinity:59:15:60:Infinity":7,"s:57:4:60:Infinity":28,"s:58:6:58:Infinity":29,"b:59:15:60:Infinity:undefined:undefined:undefined:undefined":8,"s:59:15:60:Infinity":30,"s:60:6:60:Infinity":31,"f:64:11:64:29":7,"b:65:4:67:Infinity:undefined:undefined:undefined:undefined":9,"s:65:4:67:Infinity":32,"b:65:8:65:29:65:29:65:44":10,"s:66:6:66:Infinity":33,"s:67:6:67:Infinity":34,"s:71:2:116:Infinity":35,"b:74:25:74:40:74:40:74:Infinity":11,"f:80:8:80:24":8,"s:80:24:80:58":36,"b:81:63:81:78:81:78:81:Infinity":12,"b:85:8:96:9:96:8:108:Infinity":13,"f:89:10:89:21":9,"s:89:27:89:55":37,"f:91:10:91:24":10,"s:91:24:91:39":38,"b:104:29:104:53:104:53:104:Infinity":14,"f:111:8:111:23":11,"s:111:23:111:40":39}}}
,"/Users/Kristof_Havasi/ws/todo/frontend/src/components/TaskList.tsx": {"path":"/Users/Kristof_Havasi/ws/todo/frontend/src/components/TaskList.tsx","statementMap":{"0":{"start":{"line":12,"column":2},"end":{"line":23,"column":null}},"1":{"start":{"line":15,"column":8},"end":{"line":21,"column":null}}},"fnMap":{"0":{"name":"TaskList","decl":{"start":{"line":11,"column":24},"end":{"line":11,"column":33}},"loc":{"start":{"line":11,"column":87},"end":{"line":23,"column":null}},"line":11},"1":{"name":"(anonymous_1)","decl":{"start":{"line":14,"column":13},"end":{"line":14,"column":18}},"loc":{"start":{"line":15,"column":8},"end":{"line":21,"column":null}},"line":15}},"branchMap":{},"s":{"0":3,"1":4},"f":{"0":3,"1":4},"b":{},"meta":{"lastBranch":0,"lastFunction":2,"lastStatement":2,"seen":{"f:11:24:11:33":0,"s:12:2:23:Infinity":0,"f:14:13:14:18":1,"s:15:8:21:Infinity":1}}}
,"/Users/Kristof_Havasi/ws/todo/frontend/src/components/UndoToast.tsx": {"path":"/Users/Kristof_Havasi/ws/todo/frontend/src/components/UndoToast.tsx","statementMap":{"0":{"start":{"line":9,"column":2},"end":{"line":12,"column":null}},"1":{"start":{"line":10,"column":18},"end":{"line":10,"column":45}},"2":{"start":{"line":11,"column":4},"end":{"line":11,"column":null}},"3":{"start":{"line":11,"column":17},"end":{"line":11,"column":36}},"4":{"start":{"line":14,"column":2},"end":{"line":27,"column":null}}},"fnMap":{"0":{"name":"UndoToast","decl":{"start":{"line":8,"column":24},"end":{"line":8,"column":34}},"loc":{"start":{"line":8,"column":73},"end":{"line":27,"column":null}},"line":8},"1":{"name":"(anonymous_1)","decl":{"start":{"line":9,"column":2},"end":{"line":9,"column":18}},"loc":{"start":{"line":9,"column":18},"end":{"line":12,"column":6}},"line":9},"2":{"name":"(anonymous_2)","decl":{"start":{"line":11,"column":4},"end":{"line":11,"column":17}},"loc":{"start":{"line":11,"column":17},"end":{"line":11,"column":36}},"line":11}},"branchMap":{},"s":{"0":4,"1":4,"2":4,"3":4,"4":4},"f":{"0":4,"1":4,"2":4},"b":{},"meta":{"lastBranch":0,"lastFunction":3,"lastStatement":5,"seen":{"f:8:24:8:34":0,"s:9:2:12:Infinity":0,"f:9:2:9:18":1,"s:10:18:10:45":1,"s:11:4:11:Infinity":2,"f:11:4:11:17":2,"s:11:17:11:36":3,"s:14:2:27:Infinity":4}}}
}
